<?xml version="1.0" encoding="UTF-8"?>
<!-- Generated by org.testng.reporters.JUnitReportReporter -->
<testsuite skipped="0" hostname="Bhargavi" name="com.OrangeHRM.testCases.TC002_NumberOfLinks" tests="1" failures="0" timestamp="18 Feb 2023 05:05:01 GMT" time="11.212" errors="0">
  <testcase name="countOfLinks" time="11.212" classname="com.OrangeHRM.testCases.TC002_NumberOfLinks"/>
</testsuite> <!-- com.OrangeHRM.testCases.TC002_NumberOfLinks -->
